\BOOKMARK [1][-]{section.1}{Introduction}{}% 1
\BOOKMARK [1][-]{section.2}{Methodology}{}% 2
\BOOKMARK [2][-]{subsection.2.1}{Brief description of data}{section.2}% 3
\BOOKMARK [2][-]{subsection.2.2}{Baseline methods}{section.2}% 4
\BOOKMARK [3][-]{subsubsection.2.2.1}{Global Mean}{subsection.2.2}% 5
\BOOKMARK [3][-]{subsubsection.2.2.2}{User Mean}{subsection.2.2}% 6
\BOOKMARK [3][-]{subsubsection.2.2.3}{Item Mean}{subsection.2.2}% 7
\BOOKMARK [2][-]{subsection.2.3}{Pre-processing}{section.2}% 8
\BOOKMARK [3][-]{subsubsection.2.3.1}{Pre processing method 1}{subsection.2.3}% 9
\BOOKMARK [3][-]{subsubsection.2.3.2}{Pre processing method 2}{subsection.2.3}% 10
\BOOKMARK [2][-]{subsection.2.4}{Models and Methods}{section.2}% 11
\BOOKMARK [3][-]{subsubsection.2.4.1}{Matrix factorisation with SGD}{subsection.2.4}% 12
\BOOKMARK [3][-]{subsubsection.2.4.2}{Matrix factorisation with ALS}{subsection.2.4}% 13
\BOOKMARK [3][-]{subsubsection.2.4.3}{Some other method}{subsection.2.4}% 14
\BOOKMARK [2][-]{subsection.2.5}{Results}{section.2}% 15
\BOOKMARK [3][-]{subsubsection.2.5.1}{Baseline performance}{subsection.2.5}% 16
\BOOKMARK [3][-]{subsubsection.2.5.2}{Matrix factorisation with SGD}{subsection.2.5}% 17
\BOOKMARK [3][-]{subsubsection.2.5.3}{Matrix factorisation with ALS}{subsection.2.5}% 18
\BOOKMARK [3][-]{subsubsection.2.5.4}{Results with other method}{subsection.2.5}% 19
\BOOKMARK [3][-]{subsubsection.2.5.5}{Compare results for SGD, ALS, other method}{subsection.2.5}% 20
\BOOKMARK [1][-]{section.3}{Discussion}{}% 21
\BOOKMARK [1][-]{section.4}{Summary}{}% 22
